Using pre-set license
Built from '2020.3/staging' branch; Version is '2020.3.19f1 (68f137dc9bbe) revision 6877495'; Using compiler version '192528614'; Build Type 'Release'
OS: 'Windows 10 Home; OS build 19042.1526; Version 2009; 64bit' Language: 'ko' Physical Memory: 16318 MB
BatchMode: 1, IsHumanControllingUs: 0, StartBugReporterOnCrash: 0, Is64bit: 1, IsPro: 0

COMMAND LINE ARGUMENTS:
C:\Program Files\Unity\Hub\Editor\2020.3.19f1\Editor\Unity.exe
-adb2
-batchMode
-noUpm
-name
AssetImportWorker0
-projectPath
C:/Users/YE/OneDrive/문서/GitHub/Unity-GoldMetal/Top-Down 2D RPG
-logFile
Logs/AssetImportWorker0.log
-srvPort
64386
Successfully changed project path to: C:/Users/YE/OneDrive/문서/GitHub/Unity-GoldMetal/Top-Down 2D RPG
C:/Users/YE/OneDrive/문서/GitHub/Unity-GoldMetal/Top-Down 2D RPG
Using Asset Import Pipeline V2.
Refreshing native plugins compatible for Editor in 40.29 ms, found 3 plugins.
Preloading 0 native plugins for Editor in 0.00 ms.
Initialize engine version: 2020.3.19f1 (68f137dc9bbe)
[Subsystems] Discovering subsystems at path C:/Program Files/Unity/Hub/Editor/2020.3.19f1/Editor/Data/Resources/UnitySubsystems
[Subsystems] Discovering subsystems at path C:/Users/YE/OneDrive/문서/GitHub/Unity-GoldMetal/Top-Down 2D RPG/Assets
GfxDevice: creating device client; threaded=0
Direct3D:
    Version:  Direct3D 11.0 [level 11.1]
    Renderer: NVIDIA GeForce RTX 2060 (ID=0x1f08)
    Vendor:   
    VRAM:     5980 MB
    Driver:   30.0.14.7196
Initialize mono
Mono path[0] = 'C:/Program Files/Unity/Hub/Editor/2020.3.19f1/Editor/Data/Managed'
Mono path[1] = 'C:/Program Files/Unity/Hub/Editor/2020.3.19f1/Editor/Data/MonoBleedingEdge/lib/mono/unityjit'
Mono config path = 'C:/Program Files/Unity/Hub/Editor/2020.3.19f1/Editor/Data/MonoBleedingEdge/etc'
Using monoOptions --debugger-agent=transport=dt_socket,embedding=1,server=y,suspend=n,address=127.0.0.1:56448
Begin MonoManager ReloadAssembly
Registering precompiled unity dll's ...
Register platform support module: C:/Program Files/Unity/Hub/Editor/2020.3.19f1/Editor/Data/PlaybackEngines/WindowsStandaloneSupport/UnityEditor.WindowsStandalone.Extensions.dll
Registered in 0.003720 seconds.
Native extension for WindowsStandalone target not found
Refreshing native plugins compatible for Editor in 40.93 ms, found 3 plugins.
Preloading 0 native plugins for Editor in 0.00 ms.
Mono: successfully reloaded assembly
- Completed reload, in  1.223 seconds
Domain Reload Profiling:
	ReloadAssembly (1224ms)
		BeginReloadAssembly (74ms)
			ExecutionOrderSort (0ms)
			DisableScriptedObjects (0ms)
			BackupInstance (0ms)
			ReleaseScriptingObjects (0ms)
			CreateAndSetChildDomain (1ms)
		EndReloadAssembly (439ms)
			LoadAssemblies (70ms)
			RebuildTransferFunctionScriptingTraits (0ms)
			SetupTypeCache (152ms)
			ReleaseScriptCaches (0ms)
			RebuildScriptCaches (32ms)
			SetupLoadedEditorAssemblies (171ms)
				LogAssemblyErrors (0ms)
				InitializePlatformSupportModulesInManaged (5ms)
				SetLoadedEditorAssemblies (0ms)
				RefreshPlugins (41ms)
				BeforeProcessingInitializeOnLoad (8ms)
				ProcessInitializeOnLoadAttributes (83ms)
				ProcessInitializeOnLoadMethodAttributes (34ms)
				AfterProcessingInitializeOnLoad (0ms)
				EditorAssembliesLoaded (0ms)
			ExecutionOrderSort2 (0ms)
			AwakeInstancesAfterBackupRestoration (0ms)
Platform modules already initialized, skipping
Registering precompiled user dll's ...
Registered in 0.005965 seconds.
Begin MonoManager ReloadAssembly
Native extension for WindowsStandalone target not found
Refreshing native plugins compatible for Editor in 38.64 ms, found 3 plugins.
Preloading 0 native plugins for Editor in 0.00 ms.
Mono: successfully reloaded assembly
- Completed reload, in  1.191 seconds
Domain Reload Profiling:
	ReloadAssembly (1192ms)
		BeginReloadAssembly (175ms)
			ExecutionOrderSort (0ms)
			DisableScriptedObjects (4ms)
			BackupInstance (0ms)
			ReleaseScriptingObjects (0ms)
			CreateAndSetChildDomain (19ms)
		EndReloadAssembly (945ms)
			LoadAssemblies (132ms)
			RebuildTransferFunctionScriptingTraits (0ms)
			SetupTypeCache (298ms)
			ReleaseScriptCaches (1ms)
			RebuildScriptCaches (49ms)
			SetupLoadedEditorAssemblies (347ms)
				LogAssemblyErrors (0ms)
				InitializePlatformSupportModulesInManaged (5ms)
				SetLoadedEditorAssemblies (0ms)
				RefreshPlugins (39ms)
				BeforeProcessingInitializeOnLoad (77ms)
				ProcessInitializeOnLoadAttributes (201ms)
				ProcessInitializeOnLoadMethodAttributes (13ms)
				AfterProcessingInitializeOnLoad (11ms)
				EditorAssembliesLoaded (0ms)
			ExecutionOrderSort2 (0ms)
			AwakeInstancesAfterBackupRestoration (6ms)
Platform modules already initialized, skipping
========================================================================
Worker process is ready to serve import requests
Launched and connected shader compiler UnityShaderCompiler.exe after 0.08 seconds
Refreshing native plugins compatible for Editor in 0.55 ms, found 3 plugins.
Preloading 0 native plugins for Editor in 0.00 ms.
Unloading 2118 Unused Serialized files (Serialized files now loaded: 0)
System memory in use before: 94.4 MB.
System memory in use after: 94.5 MB.

Unloading 26 unused Assets to reduce memory usage. Loaded Objects now: 2558.
Total: 3.096500 ms (FindLiveObjects: 0.188800 ms CreateObjectMapping: 0.082500 ms MarkObjects: 2.751400 ms  DeleteObjects: 0.072200 ms)

AssetImportParameters requested are different than current active one (requested -> active):
  custom:framework-win-MediaFoundation: 216162199b28c13a410421893ffa2e32 -> 
  custom:video-decoder-ogg-theora: a1e56fd34408186e4bbccfd4996cb3dc -> 
  custom:container-muxer-webm: aa71ff27fc2769a1b78a27578f13a17b -> 
  custom:container-demuxer-webm: 4f35f7cbe854078d1ac9338744f61a02 -> 
  custom:container-demuxer-ogg: 62fdf1f143b41e24485cea50d1cbac27 -> 
  custom:video-encoder-webm-vp8: eb34c28f22e8b96e1ab97ce403110664 -> 
  custom:video-decoder-webm-vp8: 9c59270c3fd7afecdb556c50c9e8de78 -> 
  custom:audio-decoder-ogg-vorbis: bf7c407c2cedff20999df2af8eb42d56 -> 
  custom:audio-encoder-webm-vorbis: bf7c407c2cedff20999df2af8eb42d56 -> 
========================================================================
Received Import Request.
  path: Assets/Tilemap/Tiles
  artifactKey: Guid(a4b96e08a92a0de42b0c2fd3c56516b4) Importer(815301076,1909f56bfc062723c751e8b465ee728b)
Start importing Assets/Tilemap/Tiles using Guid(a4b96e08a92a0de42b0c2fd3c56516b4) Importer(815301076,1909f56bfc062723c751e8b465ee728b)  -> (artifact id: 'ecc24bdcaaf56308991f002107777b19') in 0.009743 seconds 
  Import took 0.012845 seconds .

========================================================================
Received Import Request.
  Time since last request: 27.226658 seconds.
  path: Assets/Tilemap/Tiles/New Rule Tile.asset
  artifactKey: Guid(ea2e7baa8ecdaf3408d03ade0c12efa2) Importer(815301076,1909f56bfc062723c751e8b465ee728b)
Start importing Assets/Tilemap/Tiles/New Rule Tile.asset using Guid(ea2e7baa8ecdaf3408d03ade0c12efa2) Importer(815301076,1909f56bfc062723c751e8b465ee728b)  -> (artifact id: '101ae662c55ffaa469870696e21ab6e6') in 0.061334 seconds 
  Import took 0.067521 seconds .

========================================================================
Received Import Request.
  Time since last request: 36.629093 seconds.
  path: Assets/Tilemap/Tiles/Grass.asset
  artifactKey: Guid(ea2e7baa8ecdaf3408d03ade0c12efa2) Importer(815301076,1909f56bfc062723c751e8b465ee728b)
Start importing Assets/Tilemap/Tiles/Grass.asset using Guid(ea2e7baa8ecdaf3408d03ade0c12efa2) Importer(815301076,1909f56bfc062723c751e8b465ee728b)  -> (artifact id: '5a7bc24da214e56ce9804dbcfaf47dcb') in 0.009876 seconds 
  Import took 0.013077 seconds .

========================================================================
Received Import Request.
  Time since last request: 32.725505 seconds.
  path: Assets/TopDown 2D RPG BE3/App Icon.png
  artifactKey: Guid(e15a0aaf619d8aa429bd091186fb29a2) Importer(815301076,1909f56bfc062723c751e8b465ee728b)
Start importing Assets/TopDown 2D RPG BE3/App Icon.png using Guid(e15a0aaf619d8aa429bd091186fb29a2) Importer(815301076,1909f56bfc062723c751e8b465ee728b)  -> (artifact id: 'cb408ffc1b8de8dc4333cd8a722ac94b') in 0.262116 seconds 
  Import took 0.265120 seconds .

========================================================================
Received Import Request.
  Time since last request: 0.000241 seconds.
  path: Assets/TopDown 2D RPG BE3/Sprites/Objects.png
  artifactKey: Guid(20d6cce5c7ac33b4e97f0f98a09aa347) Importer(815301076,1909f56bfc062723c751e8b465ee728b)
Start importing Assets/TopDown 2D RPG BE3/Sprites/Objects.png using Guid(20d6cce5c7ac33b4e97f0f98a09aa347) Importer(815301076,1909f56bfc062723c751e8b465ee728b)  -> (artifact id: '94c536d36fc198f1c53f14c4b99ede6e') in 0.082147 seconds 
  Import took 0.086233 seconds .

========================================================================
Received Import Request.
  Time since last request: 0.000327 seconds.
  path: Assets/TopDown 2D RPG BE3/Sprites/User Interface.png
  artifactKey: Guid(1c9bc0d104c01934da10d4333b9dc48b) Importer(815301076,1909f56bfc062723c751e8b465ee728b)
Start importing Assets/TopDown 2D RPG BE3/Sprites/User Interface.png using Guid(1c9bc0d104c01934da10d4333b9dc48b) Importer(815301076,1909f56bfc062723c751e8b465ee728b)  -> (artifact id: '7106572395f5471cff4678dcce736ecc') in 0.044611 seconds 
  Import took 0.048085 seconds .

========================================================================
Received Import Request.
  Time since last request: 1.171017 seconds.
  path: Assets/TopDown 2D RPG BE3/Sprites/Player.png
  artifactKey: Guid(23748c298f885bf4c89671f6d30f562b) Importer(815301076,1909f56bfc062723c751e8b465ee728b)
Start importing Assets/TopDown 2D RPG BE3/Sprites/Player.png using Guid(23748c298f885bf4c89671f6d30f562b) Importer(815301076,1909f56bfc062723c751e8b465ee728b)  -> (artifact id: '2289c79f34084c34311b3f8df1de19f1') in 0.045758 seconds 
  Import took 0.048905 seconds .

========================================================================
Received Import Request.
  Time since last request: 1.027215 seconds.
  path: Assets/TopDown 2D RPG BE3/Sprites/Tiles.png
  artifactKey: Guid(dc747d0a3cdf6594f9f275fdd2a48b4b) Importer(815301076,1909f56bfc062723c751e8b465ee728b)
Start importing Assets/TopDown 2D RPG BE3/Sprites/Tiles.png using Guid(dc747d0a3cdf6594f9f275fdd2a48b4b) Importer(815301076,1909f56bfc062723c751e8b465ee728b)  -> (artifact id: '730ac6e73171cafebfa73f3e47e23cde') in 0.088792 seconds 
  Import took 0.093110 seconds .

========================================================================
Received Import Request.
  Time since last request: 14.053989 seconds.
  path: Assets/TopDown 2D RPG BE3/Sprites
  artifactKey: Guid(24208ecbe2041c34db5f5403b9304207) Importer(815301076,1909f56bfc062723c751e8b465ee728b)
Start importing Assets/TopDown 2D RPG BE3/Sprites using Guid(24208ecbe2041c34db5f5403b9304207) Importer(815301076,1909f56bfc062723c751e8b465ee728b)  -> (artifact id: 'bcb799d537c47649714c8f8786e73f7f') in 0.006200 seconds 
  Import took 0.009346 seconds .

========================================================================
Received Import Request.
  Time since last request: 231.953452 seconds.
  path: Assets/TopDown 2D RPG BE3/Demo
  artifactKey: Guid(4ad316026e8893d428d998f0a1c2ad68) Importer(815301076,1909f56bfc062723c751e8b465ee728b)
Start importing Assets/TopDown 2D RPG BE3/Demo using Guid(4ad316026e8893d428d998f0a1c2ad68) Importer(815301076,1909f56bfc062723c751e8b465ee728b)  -> (artifact id: 'fd4583cf528d76983952cc51411e824e') in 0.007094 seconds 
  Import took 0.010522 seconds .

========================================================================
Received Import Request.
  Time since last request: 508.848228 seconds.
  path: Assets/Tilemap/Tiles/Water.asset
  artifactKey: Guid(5e67b8079f3375b45af1ef7b1fc8761e) Importer(815301076,1909f56bfc062723c751e8b465ee728b)
Start importing Assets/Tilemap/Tiles/Water.asset using Guid(5e67b8079f3375b45af1ef7b1fc8761e) Importer(815301076,1909f56bfc062723c751e8b465ee728b)  -> (artifact id: 'e092163a37381b676c455a7418a68804') in 0.008559 seconds 
  Import took 0.012115 seconds .

========================================================================
Received Import Request.
  Time since last request: 5.925861 seconds.
  path: Assets/TopDown 2D RPG BE3/Sprites/NPC.png
  artifactKey: Guid(2f90eb840bd0cf4438d49759bc08d718) Importer(815301076,1909f56bfc062723c751e8b465ee728b)
Start importing Assets/TopDown 2D RPG BE3/Sprites/NPC.png using Guid(2f90eb840bd0cf4438d49759bc08d718) Importer(815301076,1909f56bfc062723c751e8b465ee728b)  -> (artifact id: '4231a3cb9f7a332acb6bbdc498312952') in 0.029781 seconds 
  Import took 0.033221 seconds .

========================================================================
Received Import Request.
  Time since last request: 0.319719 seconds.
  path: Assets/TopDown 2D RPG BE3/Sprites/NPC Portrait.png
  artifactKey: Guid(d79edf18a76e2654a9ac99f15de8b2b3) Importer(815301076,1909f56bfc062723c751e8b465ee728b)
Start importing Assets/TopDown 2D RPG BE3/Sprites/NPC Portrait.png using Guid(d79edf18a76e2654a9ac99f15de8b2b3) Importer(815301076,1909f56bfc062723c751e8b465ee728b)  -> (artifact id: '67962111c606429663af966db7c96184') in 0.041230 seconds 
  Import took 0.044514 seconds .

========================================================================
Received Import Request.
  Time since last request: 34.603896 seconds.
  path: Assets/Tilemap/Tiles/Soil.asset
  artifactKey: Guid(b0f0558058441d44cbff064883c7d426) Importer(815301076,1909f56bfc062723c751e8b465ee728b)
Start importing Assets/Tilemap/Tiles/Soil.asset using Guid(b0f0558058441d44cbff064883c7d426) Importer(815301076,1909f56bfc062723c751e8b465ee728b)  -> (artifact id: '4912b29231e5dd607975136c3c0a4205') in 0.009735 seconds 
  Import took 0.013244 seconds .

========================================================================
Received Import Request.
  Time since last request: 37.952773 seconds.
  path: Assets/Tilemap/Tiles/TopDown Palette.prefab
  artifactKey: Guid(c699e75f2d063b64792b1a47f2c3ceda) Importer(815301076,1909f56bfc062723c751e8b465ee728b)
Start importing Assets/Tilemap/Tiles/TopDown Palette.prefab using Guid(c699e75f2d063b64792b1a47f2c3ceda) Importer(815301076,1909f56bfc062723c751e8b465ee728b)  -> (artifact id: '5be8c791e405039a679b9d6276c56282') in 0.048070 seconds 
  Import took 0.051229 seconds .

========================================================================
Received Import Request.
  Time since last request: 150.339167 seconds.
  path: Assets/Tilemap/Tiles/Plant.asset
  artifactKey: Guid(5ea3b0269710bf54395d8c1b4c6e706d) Importer(815301076,1909f56bfc062723c751e8b465ee728b)
Start importing Assets/Tilemap/Tiles/Plant.asset using Guid(5ea3b0269710bf54395d8c1b4c6e706d) Importer(815301076,1909f56bfc062723c751e8b465ee728b)  -> (artifact id: 'ed1b0a2cf52440dbceddcf8df7f67a61') in 0.010051 seconds 
  Import took 0.013419 seconds .

========================================================================
Received Import Request.
  Time since last request: 14.355143 seconds.
  path: Assets/Tilemap/Tiles/FlowerA.asset
  artifactKey: Guid(95838377b0d2f0a42ab4f0fbd54f1f24) Importer(815301076,1909f56bfc062723c751e8b465ee728b)
Start importing Assets/Tilemap/Tiles/FlowerA.asset using Guid(95838377b0d2f0a42ab4f0fbd54f1f24) Importer(815301076,1909f56bfc062723c751e8b465ee728b)  -> (artifact id: '5a54dfe1d881c996c430efd095c74076') in 0.008169 seconds 
  Import took 0.011320 seconds .

========================================================================
Received Import Request.
  Time since last request: 45.542081 seconds.
  path: Assets/Tilemap/Tiles/HouseA.asset
  artifactKey: Guid(5fc34d367857ce34b8853975817b526a) Importer(815301076,1909f56bfc062723c751e8b465ee728b)
Start importing Assets/Tilemap/Tiles/HouseA.asset using Guid(5fc34d367857ce34b8853975817b526a) Importer(815301076,1909f56bfc062723c751e8b465ee728b)  -> (artifact id: '0c6ba1e389d8338ed4d3feb82307e510') in 0.009120 seconds 
  Import took 0.012314 seconds .

========================================================================
Received Import Request.
  Time since last request: 158.910263 seconds.
  path: Assets/Tilemap/Tiles/FlowerB.asset
  artifactKey: Guid(9893bc1cdd13d23479507bb4e7362de6) Importer(815301076,1909f56bfc062723c751e8b465ee728b)
Start importing Assets/Tilemap/Tiles/FlowerB.asset using Guid(9893bc1cdd13d23479507bb4e7362de6) Importer(815301076,1909f56bfc062723c751e8b465ee728b)  -> (artifact id: '28c1947fedb158ad560ffb101f99517c') in 0.008558 seconds 
  Import took 0.012202 seconds .

========================================================================
Received Import Request.
  Time since last request: 349.168284 seconds.
  path: Assets/Tilemap/Tiles/Tree.asset
  artifactKey: Guid(73fc8f18e26016d4ab54caeda7498bf5) Importer(815301076,1909f56bfc062723c751e8b465ee728b)
Start importing Assets/Tilemap/Tiles/Tree.asset using Guid(73fc8f18e26016d4ab54caeda7498bf5) Importer(815301076,1909f56bfc062723c751e8b465ee728b)  -> (artifact id: 'f2b011afde0738b8c5f4f4f905d6ee5c') in 0.008840 seconds 
  Import took 0.012488 seconds .

========================================================================
Received Import Request.
  Time since last request: 23.480711 seconds.
  path: Assets/Tilemap/Tiles/TopDown Palette.prefab
  artifactKey: Guid(c699e75f2d063b64792b1a47f2c3ceda) Importer(815301076,1909f56bfc062723c751e8b465ee728b)
Start importing Assets/Tilemap/Tiles/TopDown Palette.prefab using Guid(c699e75f2d063b64792b1a47f2c3ceda) Importer(815301076,1909f56bfc062723c751e8b465ee728b)  -> (artifact id: '7cd79486bed3e42cf3332286acdeb77d') in 0.017149 seconds 
  Import took 0.020368 seconds .

========================================================================
Received Import Request.
  Time since last request: 849.903196 seconds.
  path: Assets/Scripts
  artifactKey: Guid(f15f058c0933c0e4692da92896d570df) Importer(815301076,1909f56bfc062723c751e8b465ee728b)
Start importing Assets/Scripts using Guid(f15f058c0933c0e4692da92896d570df) Importer(815301076,1909f56bfc062723c751e8b465ee728b)  -> (artifact id: '543a53417d4cc6143d63f3e6d5a03130') in 0.006266 seconds 
  Import took 0.010069 seconds .

========================================================================
Received Import Request.
  Time since last request: 8.409986 seconds.
  path: Assets/Scripts/PlayerAction.cs
  artifactKey: Guid(aeaf467be271adc43b53675e8d98ef1e) Importer(815301076,1909f56bfc062723c751e8b465ee728b)
Start importing Assets/Scripts/PlayerAction.cs using Guid(aeaf467be271adc43b53675e8d98ef1e) Importer(815301076,1909f56bfc062723c751e8b465ee728b)  -> (artifact id: '3fec5b10034168d448bd255e790e07e6') in 0.015015 seconds 
  Import took 0.018195 seconds .

========================================================================
Received Prepare
Registering precompiled user dll's ...
Registered in 0.004919 seconds.
Begin MonoManager ReloadAssembly
Native extension for WindowsStandalone target not found
Refreshing native plugins compatible for Editor in 0.41 ms, found 3 plugins.
Preloading 0 native plugins for Editor in 0.00 ms.
Mono: successfully reloaded assembly
- Completed reload, in  0.992 seconds
Domain Reload Profiling:
	ReloadAssembly (992ms)
		BeginReloadAssembly (129ms)
			ExecutionOrderSort (0ms)
			DisableScriptedObjects (6ms)
			BackupInstance (0ms)
			ReleaseScriptingObjects (0ms)
			CreateAndSetChildDomain (35ms)
		EndReloadAssembly (788ms)
			LoadAssemblies (115ms)
			RebuildTransferFunctionScriptingTraits (0ms)
			SetupTypeCache (272ms)
			ReleaseScriptCaches (1ms)
			RebuildScriptCaches (37ms)
			SetupLoadedEditorAssemblies (285ms)
				LogAssemblyErrors (0ms)
				InitializePlatformSupportModulesInManaged (5ms)
				SetLoadedEditorAssemblies (0ms)
				RefreshPlugins (0ms)
				BeforeProcessingInitializeOnLoad (72ms)
				ProcessInitializeOnLoadAttributes (190ms)
				ProcessInitializeOnLoadMethodAttributes (5ms)
				AfterProcessingInitializeOnLoad (11ms)
				EditorAssembliesLoaded (0ms)
			ExecutionOrderSort2 (0ms)
			AwakeInstancesAfterBackupRestoration (10ms)
Platform modules already initialized, skipping
Refreshing native plugins compatible for Editor in 0.42 ms, found 3 plugins.
Preloading 0 native plugins for Editor in 0.00 ms.
Unloading 2108 Unused Serialized files (Serialized files now loaded: 0)
System memory in use before: 96.8 MB.
System memory in use after: 97.0 MB.

Unloading 14 unused Assets to reduce memory usage. Loaded Objects now: 2587.
Total: 2.815400 ms (FindLiveObjects: 0.178200 ms CreateObjectMapping: 0.076500 ms MarkObjects: 2.541800 ms  DeleteObjects: 0.017600 ms)

AssetImportParameters requested are different than current active one (requested -> active):
  custom:framework-win-MediaFoundation: 216162199b28c13a410421893ffa2e32 -> 
  custom:video-decoder-ogg-theora: a1e56fd34408186e4bbccfd4996cb3dc -> 
  custom:container-muxer-webm: aa71ff27fc2769a1b78a27578f13a17b -> 
  custom:container-demuxer-webm: 4f35f7cbe854078d1ac9338744f61a02 -> 
  custom:container-demuxer-ogg: 62fdf1f143b41e24485cea50d1cbac27 -> 
  custom:video-encoder-webm-vp8: eb34c28f22e8b96e1ab97ce403110664 -> 
  custom:video-decoder-webm-vp8: 9c59270c3fd7afecdb556c50c9e8de78 -> 
  custom:audio-decoder-ogg-vorbis: bf7c407c2cedff20999df2af8eb42d56 -> 
  custom:audio-encoder-webm-vorbis: bf7c407c2cedff20999df2af8eb42d56 -> 
========================================================================
Received Prepare
Registering precompiled user dll's ...
Registered in 0.005869 seconds.
Begin MonoManager ReloadAssembly
Native extension for WindowsStandalone target not found
Refreshing native plugins compatible for Editor in 0.41 ms, found 3 plugins.
Preloading 0 native plugins for Editor in 0.00 ms.
Mono: successfully reloaded assembly
- Completed reload, in  0.990 seconds
Domain Reload Profiling:
	ReloadAssembly (991ms)
		BeginReloadAssembly (138ms)
			ExecutionOrderSort (0ms)
			DisableScriptedObjects (6ms)
			BackupInstance (0ms)
			ReleaseScriptingObjects (0ms)
			CreateAndSetChildDomain (33ms)
		EndReloadAssembly (787ms)
			LoadAssemblies (122ms)
			RebuildTransferFunctionScriptingTraits (0ms)
			SetupTypeCache (268ms)
			ReleaseScriptCaches (1ms)
			RebuildScriptCaches (38ms)
			SetupLoadedEditorAssemblies (286ms)
				LogAssemblyErrors (0ms)
				InitializePlatformSupportModulesInManaged (5ms)
				SetLoadedEditorAssemblies (0ms)
				RefreshPlugins (0ms)
				BeforeProcessingInitializeOnLoad (68ms)
				ProcessInitializeOnLoadAttributes (195ms)
				ProcessInitializeOnLoadMethodAttributes (5ms)
				AfterProcessingInitializeOnLoad (12ms)
				EditorAssembliesLoaded (0ms)
			ExecutionOrderSort2 (0ms)
			AwakeInstancesAfterBackupRestoration (12ms)
Platform modules already initialized, skipping
Refreshing native plugins compatible for Editor in 0.43 ms, found 3 plugins.
Preloading 0 native plugins for Editor in 0.00 ms.
Unloading 2108 Unused Serialized files (Serialized files now loaded: 0)
System memory in use before: 96.9 MB.
System memory in use after: 97.0 MB.

Unloading 14 unused Assets to reduce memory usage. Loaded Objects now: 2590.
Total: 3.043500 ms (FindLiveObjects: 0.199700 ms CreateObjectMapping: 0.179000 ms MarkObjects: 2.645600 ms  DeleteObjects: 0.018300 ms)

AssetImportParameters requested are different than current active one (requested -> active):
  custom:framework-win-MediaFoundation: 216162199b28c13a410421893ffa2e32 -> 
  custom:video-decoder-ogg-theora: a1e56fd34408186e4bbccfd4996cb3dc -> 
  custom:container-muxer-webm: aa71ff27fc2769a1b78a27578f13a17b -> 
  custom:container-demuxer-webm: 4f35f7cbe854078d1ac9338744f61a02 -> 
  custom:container-demuxer-ogg: 62fdf1f143b41e24485cea50d1cbac27 -> 
  custom:video-encoder-webm-vp8: eb34c28f22e8b96e1ab97ce403110664 -> 
  custom:video-decoder-webm-vp8: 9c59270c3fd7afecdb556c50c9e8de78 -> 
  custom:audio-decoder-ogg-vorbis: bf7c407c2cedff20999df2af8eb42d56 -> 
  custom:audio-encoder-webm-vorbis: bf7c407c2cedff20999df2af8eb42d56 -> 
========================================================================
Received Import Request.
  Time since last request: 139.471796 seconds.
  path: Assets/Scripts/PlayerAction.cs
  artifactKey: Guid(aeaf467be271adc43b53675e8d98ef1e) Importer(815301076,1909f56bfc062723c751e8b465ee728b)
Start importing Assets/Scripts/PlayerAction.cs using Guid(aeaf467be271adc43b53675e8d98ef1e) Importer(815301076,1909f56bfc062723c751e8b465ee728b)  -> (artifact id: '30aade07e18f3550e1e5b1ccff40f8e6') in 0.005732 seconds 
  Import took 0.009622 seconds .

AssetImportWorkerClient::OnTransportError - code=2 error=End of file
